2024-12-16 17:21:54.450 GMT [48] LOG:  starting PostgreSQL 17.2 (Debian 17.2-1.pgdg120+1) on x86_64-pc-linux-gnu, compiled by gcc (Debian 12.2.0-14) 12.2.0, 64-bit
2024-12-16 17:21:54.465 GMT [48] LOG:  listening on Unix socket "/var/run/postgresql/.s.PGSQL.5432"
2024-12-16 17:21:54.528 GMT [52] LOG:  database system was shut down at 2024-12-16 17:21:52 GMT
2024-12-16 17:21:54.552 GMT [48] LOG:  database system is ready to accept connections
2024-12-16 17:21:56.563 GMT [48] LOG:  received fast shutdown request
2024-12-16 17:21:57.208 GMT [48] LOG:  aborting any active transactions
2024-12-16 17:21:57.211 GMT [48] LOG:  background worker "logical replication launcher" (PID 55) exited with exit code 1
2024-12-16 17:21:57.212 GMT [50] LOG:  shutting down
2024-12-16 17:21:57.223 GMT [50] LOG:  checkpoint starting: shutdown immediate
2024-12-16 17:21:58.201 GMT [50] LOG:  checkpoint complete: wrote 921 buffers (5.6%); 0 WAL file(s) added, 0 removed, 0 recycled; write=0.062 s, sync=0.861 s, total=0.990 s; sync files=301, longest=0.176 s, average=0.003 s; distance=4238 kB, estimate=4238 kB; lsn=0/1908970, redo lsn=0/1908970
2024-12-16 17:21:58.209 GMT [48] LOG:  database system is shut down
2024-12-16 17:21:58.385 GMT [1] LOG:  starting PostgreSQL 17.2 (Debian 17.2-1.pgdg120+1) on x86_64-pc-linux-gnu, compiled by gcc (Debian 12.2.0-14) 12.2.0, 64-bit
2024-12-16 17:21:58.385 GMT [1] LOG:  listening on IPv4 address "0.0.0.0", port 5432
2024-12-16 17:21:58.385 GMT [1] LOG:  listening on IPv6 address "::", port 5432
2024-12-16 17:21:58.404 GMT [1] LOG:  listening on Unix socket "/var/run/postgresql/.s.PGSQL.5432"
2024-12-16 17:21:58.448 GMT [66] LOG:  database system was shut down at 2024-12-16 17:21:58 GMT
2024-12-16 17:21:58.472 GMT [1] LOG:  database system is ready to accept connections
2024-12-16 17:22:21.070 GMT [71] NOTICE:  table "k6model" does not exist, skipping
2024-12-16 17:22:21.075 GMT [71] NOTICE:  table "user_model" does not exist, skipping
2024-12-16 17:24:12.614 GMT [1] LOG:  received fast shutdown request
2024-12-16 17:24:12.622 GMT [1] LOG:  aborting any active transactions
2024-12-16 17:24:12.625 GMT [1] LOG:  background worker "logical replication launcher" (PID 69) exited with exit code 1
2024-12-16 17:24:12.625 GMT [64] LOG:  shutting down
2024-12-16 17:24:12.637 GMT [64] LOG:  checkpoint starting: shutdown immediate
2024-12-16 17:24:12.710 GMT [64] LOG:  checkpoint complete: wrote 94 buffers (0.6%); 0 WAL file(s) added, 0 removed, 0 recycled; write=0.018 s, sync=0.032 s, total=0.084 s; sync files=53, longest=0.008 s, average=0.001 s; distance=432 kB, estimate=432 kB; lsn=0/1974AF8, redo lsn=0/1974AF8
2024-12-16 17:24:12.714 GMT [1] LOG:  database system is shut down
